<?xml version="1.0" encoding="UTF-8"?>
<!-- Generated by org.testng.reporters.JUnitReportReporter -->
<testsuite hostname="agcn1-wkeng233" name="TestCurrentSystemTime" tests="2" failures="0" timestamp="1 Dec 2015 09:46:37 GMT" time="0.008" errors="0">
  <testcase name="test" time="0.007" classname="TestCurrentSystemTime"/>
  <testcase name="test1" time="0.001" classname="TestCurrentSystemTime"/>
</testsuite> <!-- TestCurrentSystemTime -->
