<?xml version="1.0" encoding="UTF-8" ?>
<testsuite failures="0" time="0.018" errors="0" skipped="0" tests="1" name="TestSuite">
  <properties>
    <property name="java.runtime.name" value="Java(TM) SE Runtime Environment"/>
    <property name="sun.boot.library.path" value="D:\GCWorkbench\Java\jre\bin"/>
    <property name="java.vm.version" value="24.55-b03"/>
    <property name="java.vm.vendor" value="Oracle Corporation"/>
    <property name="java.vendor.url" value="http://java.oracle.com/"/>
    <property name="path.separator" value=";"/>
    <property name="guice.disable.misplaced.annotation.check" value="true"/>
    <property name="java.vm.name" value="Java HotSpot(TM) 64-Bit Server VM"/>
    <property name="file.encoding.pkg" value="sun.io"/>
    <property name="user.script" value=""/>
    <property name="user.country" value="US"/>
    <property name="sun.java.launcher" value="SUN_STANDARD"/>
    <property name="sun.os.patch.level" value="Service Pack 1"/>
    <property name="java.vm.specification.name" value="Java Virtual Machine Specification"/>
    <property name="user.dir" value="D:\TestMavenModel"/>
    <property name="java.runtime.version" value="1.7.0_55-b13"/>
    <property name="java.awt.graphicsenv" value="sun.awt.Win32GraphicsEnvironment"/>
    <property name="java.endorsed.dirs" value="D:\GCWorkbench\Java\jre\lib\endorsed"/>
    <property name="os.arch" value="amd64"/>
    <property name="java.io.tmpdir" value="C:\Users\dylanyu\AppData\Local\Temp\"/>
    <property name="line.separator" value="
"/>
    <property name="java.vm.specification.vendor" value="Oracle Corporation"/>
    <property name="user.variant" value=""/>
    <property name="os.name" value="Windows 7"/>
    <property name="classworlds.conf" value="D:\Files\apache-maven-3.1.1-bin\apache-maven-3.1.1\bin\..\bin\m2.conf"/>
    <property name="sun.jnu.encoding" value="GBK"/>
    <property name="java.library.path" value="D:\GCWorkbench\Java\bin;C:\Windows\Sun\Java\bin;C:\Windows\system32;C:\Windows;D:\GCWorkbench\Java\bin;D:\GCWorkbench\Tools\apache-ant\bin;D:\GCWorkbench\ATG\home\bin;D:\GCWorkbench\Jboss\bin;D:\GCWorkbench\Java\bin;D:\GCWorkbench\Tools\apache-ant\bin;D:\GCWorkbench\ATG\home\bin;D:\GCWorkbench\Jboss\bin;D:\app\dylanyu\product\11.2.0\dbhome_1\bin;C:\Program Files (x86)\Intel\iCLS Client\;C:\Program Files\Intel\iCLS Client\;C:\Windows\system32;C:\Windows;C:\Windows\System32\Wbem;C:\Windows\System32\WindowsPowerShell\v1.0\;C:\Program Files\Dell\Dell Data Protection\Access\Advanced\Wave\Gemalto\Access Client\v5\;C:\Program Files (x86)\NTRU Cryptosystems\NTRU TCG Software Stack\bin\;C:\Program Files\NTRU Cryptosystems\NTRU TCG Software Stack\bin\;C:\Program Files\Intel\Intel(R) Management Engine Components\DAL;C:\Program Files\Intel\Intel(R) Management Engine Components\IPT;C:\Program Files (x86)\Intel\Intel(R) Management Engine Components\DAL;C:\Program Files (x86)\Intel\Intel(R) Management Engine Components\IPT;D:\GCWorkbench\Java/bin;D:\GCWorkbench\Tools\apache-ant\bin;D:\GCWorkbench\ATG\;D:\Endeca\PlatformServices\11.1.0\perl;D:\Endeca\PlatformServices\11.1.0\perl\5.8.3\bin;D:\Endeca\PlatformServices\11.1.0\bin;D:\Endeca\PlatformServices\11.1.0\j2sdk\jre\bin\server;D:\Endeca\PlatformServices\11.1.0\utilities;D:\Files\apache-maven-3.1.1-bin\apache-maven-3.1.1\bin;C:\Program Files (x86)\MySQL\MySQL Server 5.1\bin;C:\Program Files (x86)\Git\cmd;C:\Program Files (x86)\GitExtensions\;D:\GCWorkbench\Tools\cmder\bin;D:\GCWorkbench\Tools\cmder;C:\Program Files (x86)\Skype\Phone\;C:\Program Files\TortoiseSVN\bin;D:\GCWorkbench\Tools\apache-cxf-3.1.1\apache-cxf-3.1.1\bin;C:\Python34;D:\GCWorkbench\Tools\cmder\bin;C:\Program Files (x86)\Microsoft VS Code\bin;."/>
    <property name="java.specification.name" value="Java Platform API Specification"/>
    <property name="java.class.version" value="51.0"/>
    <property name="sun.management.compiler" value="HotSpot 64-Bit Tiered Compilers"/>
    <property name="os.version" value="6.1"/>
    <property name="user.home" value="C:\Users\dylanyu"/>
    <property name="user.timezone" value="Asia/Shanghai"/>
    <property name="java.awt.printerjob" value="sun.awt.windows.WPrinterJob"/>
    <property name="java.specification.version" value="1.7"/>
    <property name="file.encoding" value="UTF-8"/>
    <property name="user.name" value="dylanyu"/>
    <property name="java.class.path" value="D:\Files\apache-maven-3.1.1-bin\apache-maven-3.1.1\bin\..\boot\plexus-classworlds-2.5.1.jar"/>
    <property name="org.slf4j.simpleLogger.defaultLogLevel" value="info"/>
    <property name="java.vm.specification.version" value="1.7"/>
    <property name="sun.arch.data.model" value="64"/>
    <property name="java.home" value="D:\GCWorkbench\Java\jre"/>
    <property name="sun.java.command" value="org.codehaus.plexus.classworlds.launcher.Launcher test"/>
    <property name="java.specification.vendor" value="Oracle Corporation"/>
    <property name="user.language" value="en"/>
    <property name="awt.toolkit" value="sun.awt.windows.WToolkit"/>
    <property name="java.vm.info" value="mixed mode"/>
    <property name="java.version" value="1.7.0_55"/>
    <property name="java.ext.dirs" value="D:\GCWorkbench\Java\jre\lib\ext;C:\Windows\Sun\Java\lib\ext"/>
    <property name="sun.boot.class.path" value="D:\GCWorkbench\Java\jre\lib\endorsed\jaxen.jar;D:\GCWorkbench\Java\jre\lib\endorsed\jdom.jar;D:\GCWorkbench\Java\jre\lib\endorsed\protocol.jar;D:\GCWorkbench\Java\jre\lib\resources.jar;D:\GCWorkbench\Java\jre\lib\rt.jar;D:\GCWorkbench\Java\jre\lib\sunrsasign.jar;D:\GCWorkbench\Java\jre\lib\jsse.jar;D:\GCWorkbench\Java\jre\lib\jce.jar;D:\GCWorkbench\Java\jre\lib\charsets.jar;D:\GCWorkbench\Java\jre\lib\jfr.jar;D:\GCWorkbench\Java\jre\classes"/>
    <property name="java.vendor" value="Oracle Corporation"/>
    <property name="maven.home" value="D:\Files\apache-maven-3.1.1-bin\apache-maven-3.1.1\bin\.."/>
    <property name="file.separator" value="\"/>
    <property name="java.vendor.url.bug" value="http://bugreport.sun.com/bugreport/"/>
    <property name="sun.cpu.endian" value="little"/>
    <property name="sun.io.unicode.encoding" value="UnicodeLittle"/>
    <property name="sun.desktop" value="windows"/>
    <property name="sun.cpu.isalist" value="amd64"/>
  </properties>
  <testcase time="0.018" classname="TestDouble" name="test"/>
</testsuite>